<?xml version="1.0" encoding="UTF-8"?>
<!-- Generated by org.testng.reporters.JUnitXMLReporter -->
<testsuite ignored="0" hostname="DESKTOP-TBUTGKQ" failures="0" tests="3" name="Test" time="47.286" errors="0" timestamp="2024-03-21T12:48:04 IST">
  <testcase classname="test_runner.LoginTestRunner" name="createEmployee2" time="15.535"/>
  <testcase classname="test_runner.LoginTestRunner" name="SerachbyEmpName" time="1.993"/>
  <testcase classname="test_runner.LoginTestRunner" name="SearchByEmpid" time="3.648"/>
</testsuite> <!-- Test -->
